2025.06.04 11:40:50 INFO  Started: Metals version 1.5.3 in folders '/Users/frederikholm/Documents/GitHub/02113DigitalSystemsDesign' for client Visual Studio Code 1.100.2.
2025.06.04 11:48:14 INFO  no build target found for /Users/frederikholm/Documents/GitHub/02113DigitalSystemsDesign/build.sbt. Using presentation compiler with project's scala-library version: 3.3.6
2025.06.04 11:48:14 INFO  no build target found for /Users/frederikholm/Documents/GitHub/02113DigitalSystemsDesign/build.sbt. Using presentation compiler with project's scala-library version: 3.3.6
2025.06.04 11:48:14 INFO  no build target found for /Users/frederikholm/Documents/GitHub/02113DigitalSystemsDesign/build.sbt. Using presentation compiler with project's scala-library version: 3.3.6
2025.06.04 11:48:21 INFO  no build target found for /Users/frederikholm/Documents/GitHub/02113DigitalSystemsDesign/build.sbt. Using presentation compiler with project's scala-library version: 3.3.6
2025.06.04 11:48:21 INFO  no build target found for /Users/frederikholm/Documents/GitHub/02113DigitalSystemsDesign/build.sbt. Using presentation compiler with project's scala-library version: 3.3.6
2025.06.04 11:48:28 INFO  running '/opt/homebrew/bin/sbt -Dbloop.export-jar-classifiers=sources bloopInstall'
2025.06.04 11:48:28 INFO  no build target found for /Users/frederikholm/Documents/GitHub/02113DigitalSystemsDesign/build.sbt. Using presentation compiler with project's scala-library version: 3.3.6
2025.06.04 11:48:28 INFO  no build target found for /Users/frederikholm/Documents/GitHub/02113DigitalSystemsDesign/project/metals.sbt. Using presentation compiler with project's scala-library version: 3.3.6
2025.06.04 11:48:28 WARN  no build target for: /Users/frederikholm/Documents/GitHub/02113DigitalSystemsDesign/project/metals.sbt
2025.06.04 11:48:28 WARN  no build target for: /Users/frederikholm/Documents/GitHub/02113DigitalSystemsDesign/project/project/metals.sbt
2025.06.04 11:48:28 INFO  no build target found for /Users/frederikholm/Documents/GitHub/02113DigitalSystemsDesign/build.sbt. Using presentation compiler with project's scala-library version: 3.3.6
2025.06.04 11:48:28 INFO  no build target found for /Users/frederikholm/Documents/GitHub/02113DigitalSystemsDesign/project/project/metals.sbt. Using presentation compiler with project's scala-library version: 3.3.6
2025.06.04 11:48:29 INFO  [info] Updated file /Users/frederikholm/Documents/GitHub/02113DigitalSystemsDesign/project/build.properties: set sbt.version to 1.10.7
2025.06.04 11:48:29 INFO  [info] welcome to sbt 1.10.7 (Oracle Corporation Java 22.0.2)
2025.06.04 11:48:29 INFO  no build target found for /Users/frederikholm/Documents/GitHub/02113DigitalSystemsDesign/build.sbt. Using presentation compiler with project's scala-library version: 3.3.6
2025.06.04 11:48:29 INFO  [info] loading settings for project root-02113digitalsystemsdesign-build-build from metals.sbt...
2025.06.04 11:48:30 INFO  [info] loading project definition from /Users/frederikholm/Documents/GitHub/02113DigitalSystemsDesign/project/project
2025.06.04 11:48:31 INFO  [info] loading settings for project root-02113digitalsystemsdesign-build from metals.sbt...
2025.06.04 11:48:31 INFO  [info] loading project definition from /Users/frederikholm/Documents/GitHub/02113DigitalSystemsDesign/project
2025.06.04 11:48:31 INFO  [success] Generated .bloop/root-02113digitalsystemsdesign-build.json
2025.06.04 11:48:31 INFO  [success] Total time: 1 s, completed 4 Jun 2025, 11:48:32
2025.06.04 11:48:33 INFO  [info] loading settings for project root-02113digitalsystemsdesign from build.sbt...
2025.06.04 11:48:33 INFO  [info] set current project to root-02113digitalsystemsdesign (in build file:/Users/frederikholm/Documents/GitHub/02113DigitalSystemsDesign/)
2025.06.04 11:48:33 INFO  [success] Generated .bloop/root-02113digitalsystemsdesign-test.json
2025.06.04 11:48:33 INFO  [success] Generated .bloop/root-02113digitalsystemsdesign.json
2025.06.04 11:48:33 INFO  [success] Total time: 0 s, completed 4 Jun 2025, 11:48:33
2025.06.04 11:48:33 INFO  time: ran 'sbt bloopInstall' in 5.33s
2025.06.04 11:48:33 INFO  Attempting to connect to the build server...
2025.06.04 11:48:33 INFO  No running Bloop server found, starting one.
2025.06.04 11:48:35 INFO  Starting compilation server
2025.06.04 11:48:35 INFO  tracing is disabled for protocol BSP, to enable tracing of incoming and outgoing JSON messages create an empty file at /Users/frederikholm/Documents/GitHub/02113DigitalSystemsDesign/.metals/bsp.trace.json or /Users/frederikholm/Library/Caches/org.scalameta.metals/bsp.trace.json
2025.06.04 11:48:35 INFO  Attempting to connect to the build server...
2025.06.04 11:48:35 INFO  Found a Bloop server running
2025.06.04 11:48:36 INFO  tracing is disabled for protocol BSP, to enable tracing of incoming and outgoing JSON messages create an empty file at /Users/frederikholm/Documents/GitHub/02113DigitalSystemsDesign/project/.metals/bsp.trace.json or /Users/frederikholm/Library/Caches/org.scalameta.metals/bsp.trace.json
2025.06.04 11:48:35 INFO  time: Connected to build server in 2.31s
2025.06.04 11:48:36 INFO  Connected to Build server: Bloop v2.0.10
2025.06.04 11:48:40 INFO  time: indexed workspace in 4.29s
2025.06.04 11:48:41 INFO  time: code lens generation in 1.05s
2025.06.04 11:48:41 INFO  time: code lens generation in 1.05s
2025.06.04 11:48:41 INFO  time: code lens generation in 1.05s
2025.06.04 11:48:41 INFO  time: code lens generation in 1.05s
